<?xml version="1.0" encoding="UTF-8"?>
<!-- Generated by org.testng.reporters.JUnitXMLReporter -->
<testsuite ignored="0" hostname="Admin" failures="1" tests="14" name="Default test" time="206.918" errors="0" timestamp="2024-08-25T16:18:17 ICT">
  <testcase classname="SearchFunctionality.SearchTest" name="checkPaginationInSearchResults" time="9.499"/>
  <testcase classname="SearchFunctionality.SearchTest" name="lambdaTestVerifySearchFieldPosition" time="5.191"/>
  <testcase classname="SearchFunctionality.SearchTest" name="lambdaTestVerifySearchIconPresence" time="1.083"/>
  <testcase classname="SearchFunctionality.SearchTest" name="lambdaTestVerifySearchResultLayout" time="10.862"/>
  <testcase classname="SearchFunctionality.SearchTest" name="searchSpecificProduct" time="5.347"/>
  <testcase classname="SearchFunctionality.SearchTest" name="searchWithEmptyInput" time="6.291"/>
  <testcase classname="SearchFunctionality.SearchTest" name="searchWithLeadingWhitespace" time="8.22"/>
  <testcase classname="SearchFunctionality.SearchTest" name="searchWithNonExistentKeyword" time="7.47"/>
  <testcase classname="SearchFunctionality.SearchTest" name="searchWithSpecialCharacters" time="6.501">
    <failure type="java.lang.AssertionError" message="Xử lý ký tự đặc biệt trong tìm kiếm không chính xác. expected [KHÔNG TÌM THẤY KẾT QUẢ TÌM KIẾM PHÙ HỢP CHO:  TẤT CẢ SẢN PHẨM / TỪ KHÓA: @$#]]] but found [KẾT QUẢ TÌM KIẾM: TẤT CẢ SẢN PHẨM / TỪ KHÓA: @$]">
      <![CDATA[java.lang.AssertionError: Xử lý ký tự đặc biệt trong tìm kiếm không chính xác. expected [KHÔNG TÌM THẤY KẾT QUẢ TÌM KIẾM PHÙ HỢP CHO:  TẤT CẢ SẢN PHẨM / TỪ KHÓA: @$#]]] but found [KẾT QUẢ TÌM KIẾM: TẤT CẢ SẢN PHẨM / TỪ KHÓA: @$]
at org.testng.Assert.fail(Assert.java:99)
at org.testng.Assert.failNotEquals(Assert.java:1037)
at org.testng.Assert.assertEqualsImpl(Assert.java:140)
at org.testng.Assert.assertEquals(Assert.java:122)
at org.testng.Assert.assertEquals(Assert.java:629)
at SearchFunctionality.SearchTest.searchWithSpecialCharacters(SearchTest.java:151)
at java.base/jdk.internal.reflect.DirectMethodHandleAccessor.invoke(DirectMethodHandleAccessor.java:103)
at java.base/java.lang.reflect.Method.invoke(Method.java:580)
at org.testng.internal.MethodInvocationHelper.invokeMethod(MethodInvocationHelper.java:133)
at org.testng.internal.TestInvoker.invokeMethod(TestInvoker.java:598)
at org.testng.internal.TestInvoker.invokeTestMethod(TestInvoker.java:173)
at org.testng.internal.MethodRunner.runInSequence(MethodRunner.java:46)
at org.testng.internal.TestInvoker$MethodInvocationAgent.invoke(TestInvoker.java:824)
at org.testng.internal.TestInvoker.invokeTestMethods(TestInvoker.java:146)
at org.testng.internal.TestMethodWorker.invokeTestMethods(TestMethodWorker.java:146)
at org.testng.internal.TestMethodWorker.run(TestMethodWorker.java:128)
at java.base/java.util.ArrayList.forEach(ArrayList.java:1597)
at org.testng.TestRunner.privateRun(TestRunner.java:794)
at org.testng.TestRunner.run(TestRunner.java:596)
at org.testng.SuiteRunner.runTest(SuiteRunner.java:377)
at org.testng.SuiteRunner.runSequentially(SuiteRunner.java:371)
at org.testng.SuiteRunner.privateRun(SuiteRunner.java:332)
at org.testng.SuiteRunner.run(SuiteRunner.java:276)
at org.testng.SuiteRunnerWorker.runSuite(SuiteRunnerWorker.java:53)
at org.testng.SuiteRunnerWorker.run(SuiteRunnerWorker.java:96)
at org.testng.TestNG.runSuitesSequentially(TestNG.java:1212)
at org.testng.TestNG.runSuitesLocally(TestNG.java:1134)
at org.testng.TestNG.runSuites(TestNG.java:1063)
at org.testng.TestNG.run(TestNG.java:1031)
at org.testng.remote.AbstractRemoteTestNG.run(AbstractRemoteTestNG.java:115)
at org.testng.remote.RemoteTestNG.initAndRun(RemoteTestNG.java:293)
at org.testng.remote.RemoteTestNG.main(RemoteTestNG.java:91)
]]>
    </failure>
  </testcase> <!-- searchWithSpecialCharacters -->
  <testcase classname="SearchFunctionality.SearchTest" name="searchWithUpperCaseKeyword" time="8.515"/>
  <testcase classname="SearchFunctionality.SearchTest" name="searchWithoutAccents" time="7.718"/>
  <testcase classname="SearchFunctionality.SearchTest" name="verifyKeywordLengthHandling" time="7.76"/>
  <testcase classname="SearchFunctionality.SearchTest" name="verifySearchSuggestions" time="4.244"/>
  <testcase classname="SearchFunctionality.SearchTest" name="viewProductDetailAfterSearch" time="3.597"/>
</testsuite> <!-- Default test -->
