<?xml version="1.0" encoding="UTF-8"?>
<!-- Generated by org.testng.reporters.JUnitXMLReporter -->
<testsuite ignored="0" hostname="Admin" failures="0" tests="1" name="FirefoxTest" time="1.534" errors="0" timestamp="2024-08-25T16:00:45 ICT">
  <testcase classname="SearchFunctionality.SearchTestParallel" name="@BeforeMethod setup" time="1.5">
    <failure type="org.openqa.selenium.SessionNotCreatedException" message="Could not start a new session. Response code 400. Message: unsupported platfrom osVersion 
Host info: host: &amp;apos;ADMIN&amp;apos;, ip: &amp;apos;192.168.0.177&amp;apos;
Build info: version: &amp;apos;4.23.1&amp;apos;, revision: &amp;apos;656257d8e9&amp;apos;
System info: os.name: &amp;apos;Windows 11&amp;apos;, os.arch: &amp;apos;amd64&amp;apos;, os.version: &amp;apos;10.0&amp;apos;, java.version: &amp;apos;22.0.2&amp;apos;
Driver info: org.openqa.selenium.remote.RemoteWebDriver
Command: [null, newSession {capabilities=[Capabilities {LT:Options: {accessKey: 5NyEs70pIUkjeGoYT4jCWQJ2N4M..., build: SearchFunc, plugin: java-testNG, project: SearchFunc, resolution: 1920x1080, selenium_version: 4.23.0, username: thanhthanh342012, w3c: true}, browserName: MicrosoftEdge, browserVersion: browserVersion, ms:edgeOptions: {args: [], extensions: []}, platformName: osVersion}]}]
Capabilities {LT:Options: {accessKey: 5NyEs70pIUkjeGoYT4jCWQJ2N4M..., build: SearchFunc, plugin: java-testNG, project: SearchFunc, resolution: 1920x1080, selenium_version: 4.23.0, username: thanhthanh342012, w3c: true}, browserName: MicrosoftEdge, browserVersion: browserVersion, ms:edgeOptions: {args: [], extensions: []}, platformName: osVersion}">
      <![CDATA[org.openqa.selenium.SessionNotCreatedException: Could not start a new session. Response code 400. Message: unsupported platfrom osVersion 
Host info: host: 'ADMIN', ip: '192.168.0.177'
Build info: version: '4.23.1', revision: '656257d8e9'
System info: os.name: 'Windows 11', os.arch: 'amd64', os.version: '10.0', java.version: '22.0.2'
Driver info: org.openqa.selenium.remote.RemoteWebDriver
Command: [null, newSession {capabilities=[Capabilities {LT:Options: {accessKey: 5NyEs70pIUkjeGoYT4jCWQJ2N4M..., build: SearchFunc, plugin: java-testNG, project: SearchFunc, resolution: 1920x1080, selenium_version: 4.23.0, username: thanhthanh342012, w3c: true}, browserName: MicrosoftEdge, browserVersion: browserVersion, ms:edgeOptions: {args: [], extensions: []}, platformName: osVersion}]}]
Capabilities {LT:Options: {accessKey: 5NyEs70pIUkjeGoYT4jCWQJ2N4M..., build: SearchFunc, plugin: java-testNG, project: SearchFunc, resolution: 1920x1080, selenium_version: 4.23.0, username: thanhthanh342012, w3c: true}, browserName: MicrosoftEdge, browserVersion: browserVersion, ms:edgeOptions: {args: [], extensions: []}, platformName: osVersion}
at org.openqa.selenium.remote.ProtocolHandshake.createSession(ProtocolHandshake.java:114)
at org.openqa.selenium.remote.ProtocolHandshake.createSession(ProtocolHandshake.java:75)
at org.openqa.selenium.remote.ProtocolHandshake.createSession(ProtocolHandshake.java:61)
at org.openqa.selenium.remote.HttpCommandExecutor.execute(HttpCommandExecutor.java:162)
at org.openqa.selenium.remote.TracedCommandExecutor.execute(TracedCommandExecutor.java:53)
at org.openqa.selenium.remote.RemoteWebDriver.execute(RemoteWebDriver.java:545)
at org.openqa.selenium.remote.RemoteWebDriver.startSession(RemoteWebDriver.java:245)
at org.openqa.selenium.remote.RemoteWebDriver.<init>(RemoteWebDriver.java:174)
at org.openqa.selenium.remote.RemoteWebDriver.<init>(RemoteWebDriver.java:152)
at SearchFunctionality.SearchTestParallel.setup(SearchTestParallel.java:66)
at java.base/java.util.ArrayList.forEach(ArrayList.java:1597)
at java.base/java.util.concurrent.FutureTask.run(FutureTask.java:317)
at java.base/java.util.concurrent.ThreadPoolExecutor.runWorker(ThreadPoolExecutor.java:1144)
at java.base/java.util.concurrent.ThreadPoolExecutor$Worker.run(ThreadPoolExecutor.java:642)
at java.base/java.lang.Thread.run(Thread.java:1570)
... Removed 20 stack frames]]>
    </failure>
  </testcase> <!-- @BeforeMethod setup -->
  <testcase classname="SearchFunctionality.SearchTestParallel" name="@BeforeMethod setup" time="1.5">
    <failure type="org.openqa.selenium.SessionNotCreatedException" message="Could not start a new session. Response code 400. Message: unsupported platfrom osVersion 
Host info: host: &amp;apos;ADMIN&amp;apos;, ip: &amp;apos;192.168.0.177&amp;apos;
Build info: version: &amp;apos;4.23.1&amp;apos;, revision: &amp;apos;656257d8e9&amp;apos;
System info: os.name: &amp;apos;Windows 11&amp;apos;, os.arch: &amp;apos;amd64&amp;apos;, os.version: &amp;apos;10.0&amp;apos;, java.version: &amp;apos;22.0.2&amp;apos;
Driver info: org.openqa.selenium.remote.RemoteWebDriver
Command: [null, newSession {capabilities=[Capabilities {LT:Options: {accessKey: 5NyEs70pIUkjeGoYT4jCWQJ2N4M..., build: SearchFunc, plugin: java-testNG, project: SearchFunc, resolution: 1920x1080, selenium_version: 4.23.0, username: thanhthanh342012, w3c: true}, acceptInsecureCerts: true, browserName: firefox, browserVersion: browserVersion, moz:debuggerAddress: true, moz:firefoxOptions: {prefs: {remote.active-protocols: 3}}, platformName: osVersion}]}]
Capabilities {LT:Options: {accessKey: 5NyEs70pIUkjeGoYT4jCWQJ2N4M..., build: SearchFunc, plugin: java-testNG, project: SearchFunc, resolution: 1920x1080, selenium_version: 4.23.0, username: thanhthanh342012, w3c: true}, acceptInsecureCerts: true, browserName: firefox, browserVersion: browserVersion, moz:debuggerAddress: true, moz:firefoxOptions: {prefs: {remote.active-protocols: 3}}, platformName: osVersion}">
      <![CDATA[org.openqa.selenium.SessionNotCreatedException: Could not start a new session. Response code 400. Message: unsupported platfrom osVersion 
Host info: host: 'ADMIN', ip: '192.168.0.177'
Build info: version: '4.23.1', revision: '656257d8e9'
System info: os.name: 'Windows 11', os.arch: 'amd64', os.version: '10.0', java.version: '22.0.2'
Driver info: org.openqa.selenium.remote.RemoteWebDriver
Command: [null, newSession {capabilities=[Capabilities {LT:Options: {accessKey: 5NyEs70pIUkjeGoYT4jCWQJ2N4M..., build: SearchFunc, plugin: java-testNG, project: SearchFunc, resolution: 1920x1080, selenium_version: 4.23.0, username: thanhthanh342012, w3c: true}, acceptInsecureCerts: true, browserName: firefox, browserVersion: browserVersion, moz:debuggerAddress: true, moz:firefoxOptions: {prefs: {remote.active-protocols: 3}}, platformName: osVersion}]}]
Capabilities {LT:Options: {accessKey: 5NyEs70pIUkjeGoYT4jCWQJ2N4M..., build: SearchFunc, plugin: java-testNG, project: SearchFunc, resolution: 1920x1080, selenium_version: 4.23.0, username: thanhthanh342012, w3c: true}, acceptInsecureCerts: true, browserName: firefox, browserVersion: browserVersion, moz:debuggerAddress: true, moz:firefoxOptions: {prefs: {remote.active-protocols: 3}}, platformName: osVersion}
at org.openqa.selenium.remote.ProtocolHandshake.createSession(ProtocolHandshake.java:114)
at org.openqa.selenium.remote.ProtocolHandshake.createSession(ProtocolHandshake.java:75)
at org.openqa.selenium.remote.ProtocolHandshake.createSession(ProtocolHandshake.java:61)
at org.openqa.selenium.remote.HttpCommandExecutor.execute(HttpCommandExecutor.java:162)
at org.openqa.selenium.remote.TracedCommandExecutor.execute(TracedCommandExecutor.java:53)
at org.openqa.selenium.remote.RemoteWebDriver.execute(RemoteWebDriver.java:545)
at org.openqa.selenium.remote.RemoteWebDriver.startSession(RemoteWebDriver.java:245)
at org.openqa.selenium.remote.RemoteWebDriver.<init>(RemoteWebDriver.java:174)
at org.openqa.selenium.remote.RemoteWebDriver.<init>(RemoteWebDriver.java:152)
at SearchFunctionality.SearchTestParallel.setup(SearchTestParallel.java:73)
at java.base/java.util.ArrayList.forEach(ArrayList.java:1597)
at java.base/java.util.concurrent.FutureTask.run(FutureTask.java:317)
at java.base/java.util.concurrent.ThreadPoolExecutor.runWorker(ThreadPoolExecutor.java:1144)
at java.base/java.util.concurrent.ThreadPoolExecutor$Worker.run(ThreadPoolExecutor.java:642)
at java.base/java.lang.Thread.run(Thread.java:1570)
... Removed 20 stack frames]]>
    </failure>
  </testcase> <!-- @BeforeMethod setup -->
  <testcase classname="SearchFunctionality.SearchTestParallel" name="@AfterMethod teardown" time="-1.724576445676E9">
    <skipped/>
  </testcase> <!-- @AfterMethod teardown -->
  <testcase classname="SearchFunctionality.SearchTestParallel" name="@AfterMethod teardown" time="-1.724576445675E9">
    <skipped/>
  </testcase> <!-- @AfterMethod teardown -->
  <testcase classname="SearchFunctionality.SearchTestParallel" name="lambdaTestVerifySearchIconPresence" time="0.0">
    <skipped/>
  </testcase> <!-- lambdaTestVerifySearchIconPresence -->
</testsuite> <!-- FirefoxTest -->
