<?xml version="1.0" encoding="UTF-8"?>
<!-- Generated by org.testng.reporters.JUnitReportReporter -->
<testsuite hostname="Admin" failures="0" tests="2" name="SearchFunctionality.SearchTestParallel" time="1.436" errors="1" timestamp="2024-08-25T16:11:31 ICT" skipped="1">
  <testcase classname="SearchFunctionality.SearchTestParallel" name="lambdaTestVerifySearchIconPresence" time="0.000">
    <skipped/>
  </testcase> <!-- lambdaTestVerifySearchIconPresence -->
  <system-out/>
  <testcase classname="SearchFunctionality.SearchTestParallel" name="setup" time="1.436">
    <error message="Could not start a new session. Response code 400. Message: unsupported platfrom osVersion 
Host info: host: &#039;ADMIN&#039;, ip: &#039;192.168.0.177&#039;
Build info: version: &#039;4.23.1&#039;, revision: &#039;656257d8e9&#039;
System info: os.name: &#039;Windows 11&#039;, os.arch: &#039;amd64&#039;, os.version: &#039;10.0&#039;, java.version: &#039;22.0.2&#039;
Driver info: org.openqa.selenium.remote.RemoteWebDriver
Command: [null, newSession {capabilities=[Capabilities {LT:Options: {accessKey: 5NyEs70pIUkjeGoYT4jCWQJ2N4M..., build: SearchFunc, plugin: java-testNG, project: SearchFunc, resolution: 1920x1080, selenium_version: 4.23.0, username: thanhthanh342012, w3c: true}, browserName: chrome, browserVersion: browserVersion, goog:chromeOptions: {args: [], extensions: []}, platformName: osVersion}]}]
Capabilities {LT:Options: {accessKey: 5NyEs70pIUkjeGoYT4jCWQJ2N4M..., build: SearchFunc, plugin: java-testNG, project: SearchFunc, resolution: 1920x1080, selenium_version: 4.23.0, username: thanhthanh342012, w3c: true}, browserName: chrome, browserVersion: browserVersion, goog:chromeOptions: {args: [], extensions: []}, platformName: osVersion}" type="org.openqa.selenium.SessionNotCreatedException">
      <![CDATA[org.openqa.selenium.SessionNotCreatedException: Could not start a new session. Response code 400. Message: unsupported platfrom osVersion 
Host info: host: 'ADMIN', ip: '192.168.0.177'
Build info: version: '4.23.1', revision: '656257d8e9'
System info: os.name: 'Windows 11', os.arch: 'amd64', os.version: '10.0', java.version: '22.0.2'
Driver info: org.openqa.selenium.remote.RemoteWebDriver
Command: [null, newSession {capabilities=[Capabilities {LT:Options: {accessKey: 5NyEs70pIUkjeGoYT4jCWQJ2N4M..., build: SearchFunc, plugin: java-testNG, project: SearchFunc, resolution: 1920x1080, selenium_version: 4.23.0, username: thanhthanh342012, w3c: true}, browserName: chrome, browserVersion: browserVersion, goog:chromeOptions: {args: [], extensions: []}, platformName: osVersion}]}]
Capabilities {LT:Options: {accessKey: 5NyEs70pIUkjeGoYT4jCWQJ2N4M..., build: SearchFunc, plugin: java-testNG, project: SearchFunc, resolution: 1920x1080, selenium_version: 4.23.0, username: thanhthanh342012, w3c: true}, browserName: chrome, browserVersion: browserVersion, goog:chromeOptions: {args: [], extensions: []}, platformName: osVersion}
at org.openqa.selenium.remote.ProtocolHandshake.createSession(ProtocolHandshake.java:114)
at org.openqa.selenium.remote.ProtocolHandshake.createSession(ProtocolHandshake.java:75)
at org.openqa.selenium.remote.ProtocolHandshake.createSession(ProtocolHandshake.java:61)
at org.openqa.selenium.remote.HttpCommandExecutor.execute(HttpCommandExecutor.java:162)
at org.openqa.selenium.remote.TracedCommandExecutor.execute(TracedCommandExecutor.java:53)
at org.openqa.selenium.remote.RemoteWebDriver.execute(RemoteWebDriver.java:545)
at org.openqa.selenium.remote.RemoteWebDriver.startSession(RemoteWebDriver.java:245)
at org.openqa.selenium.remote.RemoteWebDriver.<init>(RemoteWebDriver.java:174)
at org.openqa.selenium.remote.RemoteWebDriver.<init>(RemoteWebDriver.java:152)
at SearchFunctionality.SearchTestParallel.setup(SearchTestParallel.java:59)
at java.base/jdk.internal.reflect.DirectMethodHandleAccessor.invoke(DirectMethodHandleAccessor.java:103)
at java.base/java.lang.reflect.Method.invoke(Method.java:580)
at org.testng.internal.MethodInvocationHelper.invokeMethod(MethodInvocationHelper.java:133)
at org.testng.internal.MethodInvocationHelper.invokeMethodConsideringTimeout(MethodInvocationHelper.java:62)
at org.testng.internal.ConfigInvoker.invokeConfigurationMethod(ConfigInvoker.java:385)
at org.testng.internal.ConfigInvoker.invokeConfigurations(ConfigInvoker.java:321)
at org.testng.internal.TestInvoker.runConfigMethods(TestInvoker.java:700)
at org.testng.internal.TestInvoker.invokeMethod(TestInvoker.java:527)
at org.testng.internal.TestInvoker.invokeTestMethod(TestInvoker.java:173)
at org.testng.internal.MethodRunner.runInSequence(MethodRunner.java:46)
at org.testng.internal.TestInvoker$MethodInvocationAgent.invoke(TestInvoker.java:824)
at org.testng.internal.TestInvoker.invokeTestMethods(TestInvoker.java:146)
at org.testng.internal.TestMethodWorker.invokeTestMethods(TestMethodWorker.java:146)
at org.testng.internal.TestMethodWorker.run(TestMethodWorker.java:128)
at java.base/java.util.ArrayList.forEach(ArrayList.java:1597)
at org.testng.TestRunner.privateRun(TestRunner.java:794)
at org.testng.TestRunner.run(TestRunner.java:596)
at org.testng.SuiteRunner.runTest(SuiteRunner.java:377)
at org.testng.SuiteRunner.runSequentially(SuiteRunner.java:371)
at org.testng.SuiteRunner.privateRun(SuiteRunner.java:332)
at org.testng.SuiteRunner.run(SuiteRunner.java:276)
at org.testng.SuiteRunnerWorker.runSuite(SuiteRunnerWorker.java:53)
at org.testng.SuiteRunnerWorker.run(SuiteRunnerWorker.java:96)
at org.testng.TestNG.runSuitesSequentially(TestNG.java:1212)
at org.testng.TestNG.runSuitesLocally(TestNG.java:1134)
at org.testng.TestNG.runSuites(TestNG.java:1063)
at org.testng.TestNG.run(TestNG.java:1031)
at org.testng.remote.AbstractRemoteTestNG.run(AbstractRemoteTestNG.java:115)
at org.testng.remote.RemoteTestNG.initAndRun(RemoteTestNG.java:293)
at org.testng.remote.RemoteTestNG.main(RemoteTestNG.java:91)
]]>
    </error>
  </testcase> <!-- setup -->
  <system-out/>
</testsuite> <!-- SearchFunctionality.SearchTestParallel -->
