<?xml version="1.0" encoding="UTF-8"?>
<!-- Generated by org.testng.reporters.JUnitReportReporter -->
<testsuite hostname="Admin" failures="1" tests="14" name="SearchFunctionality.SearchTest" time="206.886" errors="0" timestamp="2024-08-25T16:18:17 ICT" skipped="0">
  <testcase classname="SearchFunctionality.SearchTest" name="lambdaTestVerifySearchFieldPosition" time="8.165"/>
  <system-out/>
  <testcase classname="SearchFunctionality.SearchTest" name="searchWithLeadingWhitespace" time="11.225"/>
  <system-out/>
  <testcase classname="SearchFunctionality.SearchTest" name="searchWithoutAccents" time="12.247"/>
  <system-out/>
  <testcase classname="SearchFunctionality.SearchTest" name="checkPaginationInSearchResults" time="12.651"/>
  <system-out/>
  <testcase classname="SearchFunctionality.SearchTest" name="searchSpecificProduct" time="8.618"/>
  <system-out/>
  <testcase classname="SearchFunctionality.SearchTest" name="lambdaTestVerifySearchResultLayout" time="25.476"/>
  <system-out/>
  <testcase classname="SearchFunctionality.SearchTest" name="searchWithEmptyInput" time="20.005"/>
  <system-out/>
  <testcase classname="SearchFunctionality.SearchTest" name="lambdaTestVerifySearchIconPresence" time="4.017"/>
  <system-out/>
  <testcase classname="SearchFunctionality.SearchTest" name="searchWithNonExistentKeyword" time="10.734"/>
  <system-out/>
  <testcase classname="SearchFunctionality.SearchTest" name="viewProductDetailAfterSearch" time="7.262"/>
  <system-out/>
  <testcase classname="SearchFunctionality.SearchTest" name="verifySearchSuggestions" time="14.081"/>
  <system-out/>
  <testcase classname="SearchFunctionality.SearchTest" name="verifyKeywordLengthHandling" time="10.851"/>
  <system-out/>
  <testcase classname="SearchFunctionality.SearchTest" name="searchWithSpecialCharacters" time="11.059">
    <failure message="Xử lý ký tự đặc biệt trong tìm kiếm không chính xác. expected [KHÔNG TÌM THẤY KẾT QUẢ TÌM KIẾM PHÙ HỢP CHO:  TẤT CẢ SẢN PHẨM / TỪ KHÓA: @$#]]] but found [KẾT QUẢ TÌM KIẾM: TẤT CẢ SẢN PHẨM / TỪ KHÓA: @$]" type="java.lang.AssertionError">
      <![CDATA[java.lang.AssertionError: Xử lý ký tự đặc biệt trong tìm kiếm không chính xác. expected [KHÔNG TÌM THẤY KẾT QUẢ TÌM KIẾM PHÙ HỢP CHO:  TẤT CẢ SẢN PHẨM / TỪ KHÓA: @$#]]] but found [KẾT QUẢ TÌM KIẾM: TẤT CẢ SẢN PHẨM / TỪ KHÓA: @$]
at org.testng.Assert.fail(Assert.java:99)
at org.testng.Assert.failNotEquals(Assert.java:1037)
at org.testng.Assert.assertEqualsImpl(Assert.java:140)
at org.testng.Assert.assertEquals(Assert.java:122)
at org.testng.Assert.assertEquals(Assert.java:629)
at SearchFunctionality.SearchTest.searchWithSpecialCharacters(SearchTest.java:151)
at java.base/jdk.internal.reflect.DirectMethodHandleAccessor.invoke(DirectMethodHandleAccessor.java:103)
at java.base/java.lang.reflect.Method.invoke(Method.java:580)
at org.testng.internal.MethodInvocationHelper.invokeMethod(MethodInvocationHelper.java:133)
at org.testng.internal.TestInvoker.invokeMethod(TestInvoker.java:598)
at org.testng.internal.TestInvoker.invokeTestMethod(TestInvoker.java:173)
at org.testng.internal.MethodRunner.runInSequence(MethodRunner.java:46)
at org.testng.internal.TestInvoker$MethodInvocationAgent.invoke(TestInvoker.java:824)
at org.testng.internal.TestInvoker.invokeTestMethods(TestInvoker.java:146)
at org.testng.internal.TestMethodWorker.invokeTestMethods(TestMethodWorker.java:146)
at org.testng.internal.TestMethodWorker.run(TestMethodWorker.java:128)
at java.base/java.util.ArrayList.forEach(ArrayList.java:1597)
at org.testng.TestRunner.privateRun(TestRunner.java:794)
at org.testng.TestRunner.run(TestRunner.java:596)
at org.testng.SuiteRunner.runTest(SuiteRunner.java:377)
at org.testng.SuiteRunner.runSequentially(SuiteRunner.java:371)
at org.testng.SuiteRunner.privateRun(SuiteRunner.java:332)
at org.testng.SuiteRunner.run(SuiteRunner.java:276)
at org.testng.SuiteRunnerWorker.runSuite(SuiteRunnerWorker.java:53)
at org.testng.SuiteRunnerWorker.run(SuiteRunnerWorker.java:96)
at org.testng.TestNG.runSuitesSequentially(TestNG.java:1212)
at org.testng.TestNG.runSuitesLocally(TestNG.java:1134)
at org.testng.TestNG.runSuites(TestNG.java:1063)
at org.testng.TestNG.run(TestNG.java:1031)
at org.testng.remote.AbstractRemoteTestNG.run(AbstractRemoteTestNG.java:115)
at org.testng.remote.RemoteTestNG.initAndRun(RemoteTestNG.java:293)
at org.testng.remote.RemoteTestNG.main(RemoteTestNG.java:91)
]]>
    </failure>
  </testcase> <!-- searchWithSpecialCharacters -->
  <system-out/>
  <testcase classname="SearchFunctionality.SearchTest" name="searchWithUpperCaseKeyword" time="50.495"/>
  <system-out/>
</testsuite> <!-- SearchFunctionality.SearchTest -->
